<testsuites id="" name="" tests="4" failures="0" skipped="0" errors="0" time="2.294668">
<testsuite name="static-ui-audit.spec.js" timestamp="2025-09-26T17:17:15.531Z" hostname="chromium-desktop" tests="4" failures="0" skipped="0" time="3.588" errors="0">
<testcase name="Agent Forge Static UI Audit › Analyze Existing Screenshots" classname="static-ui-audit.spec.js" time="0.88">
<system-out>
<![CDATA[
[STATIC AUDIT] Analyzing existing screenshots and UI evidence...
Found 58 existing screenshots
Phase 1 (cognate): 90/100 - PASS
  Screenshots: 7
  Issues: 0
Phase 2 (evomerge): 80/100 - PASS
  Screenshots: 5
  Issues: 0
Phase 3 (quietstar): 40/100 - FAIL
  Screenshots: 5
  Issues: 1
Phase 4 (bitnet): 75/100 - PARTIAL
  Screenshots: 6
  Issues: 0
Phase 5 (forge): 60/100 - PARTIAL
  Screenshots: 14
  Issues: 0
Phase 6 (baking): 60/100 - PARTIAL
  Screenshots: 6
  Issues: 0
Phase 7 (adas): 45/100 - FAIL
  Screenshots: 2
  Issues: 0
Phase 8 (final): 45/100 - FAIL
  Screenshots: 2
  Issues: 0
Copied bitnet-enhanced-2025-09-25T17-57-38-930Z.png to audit directory
Copied bitnet-enhanced-2025-09-25T18-02-10-232Z.png to audit directory
Copied bitnet-enhanced-2025-09-25T18-08-13-536Z.png to audit directory
Copied cognate-screenshot.png to audit directory
Copied current-bitnet-ui.png to audit directory
Copied current-cognate.png to audit directory
Copied current-homepage.png to audit directory
Copied dashboard-cognate.png to audit directory
Copied dashboard-fullpage.png to audit directory
Copied dashboard-home.png to audit directory
Copied dashboard-overview.png to audit directory
Copied dashboard-screenshot.png to audit directory
Copied error-screenshot.png to audit directory
Copied evomerge-current.png to audit directory
Copied homepage.png to audit directory
Copied phase-1-cognate-audit.png to audit directory
Copied phase-2-evomerge-audit.png to audit directory
Copied phase-3-quietstar-audit.png to audit directory
Copied phase-4-bitnet-audit.png to audit directory
Copied phase-5-forge-audit.png to audit directory
Copied phase-6-baking-audit.png to audit directory
Copied phase-7-adas-audit.png to audit directory
Copied phase-8-final-audit.png to audit directory
Copied phase5-assessment-tab.png to audit directory
Copied phase5-homepage-10levels.png to audit directory
Copied phase5-self-modeling-tab.png to audit directory
Copied phase5-sleep-dream-tab.png to audit directory
Copied phase5-training-interface.png to audit directory
Copied phase5-training-loop-tab.png to audit directory
Copied phase6-audit-2025-09-25T21-00-42-207Z-baking-main.png to audit directory
Copied phase6-audit-2025-09-25T21-00-42-207Z-homepage.png to audit directory
Copied quietstar-audit-after.png to audit directory
Copied quietstar-full-view.png to audit directory
Copied quietstar-new-implementation.png to audit directory
Copied test-phase-1-cognate.png to audit directory
Copied test-phase-2-evomerge.png to audit directory
Copied tournament-page-test.png to audit directory
Copied tournament-page.png to audit directory
Copied tournament-ui-button-hover.png to audit directory
Copied tournament-ui-complete.png to audit directory
Copied phase-1-cognate-audit.png to audit directory
Copied phase-2-evomerge-audit.png to audit directory
Copied phase-3-quietstar-audit.png to audit directory
Copied phase-4-bitnet-audit.png to audit directory
Copied phase-5-forge-audit.png to audit directory
Copied phase-6-baking-audit.png to audit directory
Copied phase-7-adas-audit.png to audit directory
Copied phase-8-final-audit.png to audit directory
Copied phase5-assessment-tab.png to audit directory
Copied phase5-homepage-10levels.png to audit directory
Copied phase5-self-modeling-tab.png to audit directory
Copied phase5-sleep-dream-tab.png to audit directory
Copied phase5-training-interface.png to audit directory
Copied phase5-training-loop-tab.png to audit directory
Copied phase6-audit-2025-09-25T21-00-42-207Z-baking-main.png to audit directory
Copied phase6-audit-2025-09-25T21-00-42-207Z-homepage.png to audit directory
Copied test-phase-1-cognate.png to audit directory
Copied test-phase-2-evomerge.png to audit directory
]]>
</system-out>
</testcase>
<testcase name="Agent Forge Static UI Audit › Generate Theater Detection Report" classname="static-ui-audit.spec.js" time="0.899">
<system-out>
<![CDATA[
[THEATER DETECTION] Analyzing quality indicators...

Theater Detection Summary:
Phase quietstar: 73% theater score
  - Phase has 73% theater detection score from previous analysis
  - Multiple iterations suggest incomplete implementation
  - Complex UI without clear functional backing
  - Potential placeholder content in reasoning components
Phase cognate: 15% theater score
  - Multiple iterations detected (5 screenshots)
Theater detection report saved to screenshots/audit/theater-detection-report.json
]]>
</system-out>
</testcase>
<testcase name="Agent Forge Static UI Audit › Performance Analysis from Evidence" classname="static-ui-audit.spec.js" time="0.912">
<system-out>
<![CDATA[
[PERFORMANCE] Analyzing performance indicators from existing evidence...
Phase 1 (cognate): Grade C
Phase 2 (evomerge): Grade D
Phase 3 (quietstar): Grade F
Phase 4 (bitnet): Grade C
Phase 5 (forge): Grade C
Phase 6 (baking): Grade F
Phase 7 (adas): Grade F
Phase 8 (final): Grade F
Performance analysis saved to screenshots/audit/performance-analysis.json
]]>
</system-out>
</testcase>
<testcase name="Agent Forge Static UI Audit › Generate Comprehensive Audit Report" classname="static-ui-audit.spec.js" time="0.897">
<system-out>
<![CDATA[
[COMPREHENSIVE AUDIT] Generating final audit report...
Comprehensive audit report saved to screenshots/audit/comprehensive-audit-report.json
Overall status: NEEDS_WORK
Average score: NaN/100
]]>
</system-out>
</testcase>
</testsuite>
</testsuites>